
/Users/dennis/Documents/GitHub/app-framework/cli/app-framework.js
  7:18  error  `shelljs` import should occur before import of `./scripts/startNewProject`  import/order
  8:21  error  `path` import should occur before import of `./scripts/startNewProject`     import/order

/Users/dennis/Documents/GitHub/app-framework/cli/app.old.js
   5:9   error  'resolve' is assigned a value but never used    no-unused-vars
   6:22  error  Unable to resolve path to module 'prompt-list'  import/no-unresolved
   8:10  error  'getJSFramework' is defined but never used      no-unused-vars
  17:12  error  'JSFramework' is defined but never used         no-unused-vars
  32:13  error  'list' is already declared in the upper scope   no-shadow
  64:5   error  'run' is not defined                            no-undef
  65:5   error  'run' is not defined                            no-undef
  66:5   error  'run' is not defined                            no-undef
  67:5   error  'run' is not defined                            no-undef
  74:5   error  'run' is not defined                            no-undef
  75:5   error  'run' is not defined                            no-undef
  76:5   error  'run' is not defined                            no-undef
  77:5   error  'run' is not defined                            no-undef
  84:5   error  'run' is not defined                            no-undef
  85:5   error  'run' is not defined                            no-undef
  86:5   error  'run' is not defined                            no-undef
  87:5   error  'run' is not defined                            no-undef
  88:5   error  'run' is not defined                            no-undef

/Users/dennis/Documents/GitHub/app-framework/cli/scripts/buildDevElectron.js
  2:17  error  Irregular whitespace not allowed             no-irregular-whitespace
  4:7   error  'logger' is assigned a value but never used  no-unused-vars

/Users/dennis/Documents/GitHub/app-framework/cli/scripts/startNewProject.js
  5:7  error  'cmd' is assigned a value but never used  no-unused-vars

/Users/dennis/Documents/GitHub/app-framework/templates/electron.js
  1:40  error  Unable to resolve path to module 'electron'  import/no-unresolved

/Users/dennis/Documents/GitHub/app-framework/templates/vue-bootstrapvue/app.js
  1:17  error  Unable to resolve path to module 'vue'                                   import/no-unresolved
  2:26  error  Unable to resolve path to module 'bootstrap-vue'                         import/no-unresolved
  3:8   error  Unable to resolve path to module 'bootstrap/dist/css/bootstrap.css'      import/no-unresolved
  4:8   error  Unable to resolve path to module 'bootstrap-vue/dist/bootstrap-vue.css'  import/no-unresolved

/Users/dennis/Documents/GitHub/app-framework/templates/vue-framework7vue/app.js
  1:17  error  Unable to resolve path to module 'vue'                                       import/no-unresolved
  2:24  error  Unable to resolve path to module 'framework7/framework7.esm.bundle'          import/no-unresolved
  3:8   error  Unable to resolve path to module 'framework7/css/framework7.bundle.min.css'  import/no-unresolved
  4:27  error  Unable to resolve path to module 'framework7-vue/framework7-vue.esm.bundle'  import/no-unresolved

/Users/dennis/Documents/GitHub/app-framework/templates/vue-materialvue/app.js
  1:17  error  Unable to resolve path to module 'vue'                                     import/no-unresolved
  2:25  error  Unable to resolve path to module 'vue-material'                            import/no-unresolved
  3:8   error  Unable to resolve path to module 'vue-material/dist/vue-material.min.css'  import/no-unresolved
  4:8   error  Unable to resolve path to module 'vue-material/dist/theme/default.css'     import/no-unresolved

/Users/dennis/Documents/GitHub/app-framework/templates/vue/app.js
  1:17  error  Unable to resolve path to module 'vue'  import/no-unresolved

✖ 37 problems (37 errors, 0 warnings)
